date:2025-07-25 18:34:57	thread:background-preinit	X-Track:	level:INFO 	logger:org.hibernate.validator.internal.util.Version   	message:HV000001: Hibernate Validator ******.******.******.Final
date:2025-07-25 18:34:57	thread:main	X-Track:	level:WARN 	logger:o.s.b.t.j.DuplicateJsonObjectContextCustomizerFactory$DuplicateJsonObjectContextCustomizer	message:
  
  Found multiple occurrences of org.json......ONObject on the class path:
  
  	jar:file:/root/.m2/repository/com/vaadin/external/google/android-json/******.******.******.vaadin1/android-......20131108.vaadin1.jar!/org/json/JSONObject.class
  	jar:file:/root/.m2/repository/org/json/json/20220924/json-20220924.jar!/org/json/JSONObject.class
  
  You may wish to exclude one of them to ensure predictable runtime behavior
  
date:2025-07-25 18:34:58	thread:main	X-Track:	level:INFO 	logger:com.collaboportal.shoho.ShohoApplicationTests   	message:Starting ShohoApplicationTests using Java ******.******.****** with PID 4054 (started by root in /home/workspace/api/shoho)
date:2025-07-25 18:34:58	thread:main	X-Track:	level:DEBUG	logger:com.collaboportal.shoho.ShohoApplicationTests   	message:Running with Spring Boot ******.******.******, Spring ******.******.******
date:2025-07-25 18:34:58	thread:main	X-Track:	level:INFO 	logger:com.collaboportal.shoho.ShohoApplicationTests   	message:No active profile set, falling back to 1 default profile: "default"
date:2025-07-25 18:34:59	thread:main	X-Track:	level:WARN 	logger:o.s.w.c.support.GenericWebApplicationContext    	message:Exception encountered during context initialization - cancelling refresh attempt: org.spri......rk.beans.factory.BeanDefinitionStoreException: Failed to parse configuration class [com.coll......al.shoho.ShohoApplication]
date:2025-07-25 18:35:00	thread:main	X-Track:	level:ERROR	logger:org.springframework.boot.SpringApplication      	message:Application run failed
org.springframework.beans.factory.BeanDefinitionStoreException: Failed to parse configuration class [com.collaboportal.shoho.ShohoApplication]
  	at org.springframework.context.annotation.ConfigurationClassParser.parse(ConfigurationClassParser.java:178)
  	at org.springframework.context.annotation.ConfigurationClassPostProcessor.processConfigBeanDefinitions(ConfigurationClassPostProcessor.java:398)
  	at org.springframework.context.annotation.ConfigurationClassPostProcessor.postProcessBeanDefinitionRegistry(ConfigurationClassPostProcessor.java:283)
  	at org.springframework.context.support.PostProcessorRegistrationDelegate.invokeBeanDefinitionRegistryPostProcessors(PostProcessorRegistrationDelegate.java:344)
  	at org.springframework.context.support.PostProcessorRegistrationDelegate.invokeBeanFactoryPostProcessors(PostProcessorRegistrationDelegate.java:115)
  	at org.springframework.context.support.AbstractApplicationContext.invokeBeanFactoryPostProcessors(AbstractApplicationContext.java:745)
  	at org.springframework.context.support.AbstractApplicationContext.refresh(AbstractApplicationContext.java:565)
  	at org.springframework.boot.SpringApplication.refresh(SpringApplication.java:730)
  	at org.springframework.boot.SpringApplication.refreshContext(SpringApplication.java:432)
  	at org.springframework.boot.SpringApplication.run(SpringApplication.java:308)
  	at org.springframework.boot.test.context.SpringBootContextLoader.lambda$loadContext$3(SpringBootContextLoader.java:137)
  	at org.springframework.util.function.ThrowingSupplier.get(ThrowingSupplier.java:59)
  	at org.springframework.util.function.ThrowingSupplier.get(ThrowingSupplier.java:47)
  	at org.springframework.boot.SpringApplication.withHook(SpringApplication.java:1386)
  	at org.springframework.boot.test.context.SpringBootContextLoader$ContextLoaderHook.run(SpringBootContextLoader.java:543)
  	at org.springframework.boot.test.context.SpringBootContextLoader.loadContext(SpringBootContextLoader.java:137)
  	at org.springframework.boot.test.context.SpringBootContextLoader.loadContext(SpringBootContextLoader.java:108)
  	at org.springframework.test.context.cache.DefaultCacheAwareContextLoaderDelegate.loadContextInternal(DefaultCacheAwareContextLoaderDelegate.java:184)
  	at org.springframework.test.context.cache.DefaultCacheAwareContextLoaderDelegate.loadContext(DefaultCacheAwareContextLoaderDelegate.java:118)
  	at org.springframework.test.context.support.DefaultTestContext.getApplicationContext(DefaultTestContext.java:127)
  	at org.springframework.test.context.web.ServletTestExecutionListener.setUpRequestContextIfNecessary(ServletTestExecutionListener.java:191)
  	at org.springframework.test.context.web.ServletTestExecutionListener.prepareTestInstance(ServletTestExecutionListener.java:130)
  	at org.springframework.test.context.TestContextManager.prepareTestInstance(TestContextManager.java:241)
  	at org.springframework.test.context.junit.jupiter.SpringExtension.postProcessTestInstance(SpringExtension.java:138)
  	at org.junit.jupiter.engine.descriptor.ClassBasedTestDescriptor.lambda$invokeTestInstancePostProcessors$10(ClassBasedTestDescriptor.java:377)
  	at org.junit.jupiter.engine.descriptor.ClassBasedTestDescriptor.executeAndMaskThrowable(ClassBasedTestDescriptor.java:382)
  	at org.junit.jupiter.engine.descriptor.ClassBasedTestDescriptor.lambda$invokeTestInstancePostProcessors$11(ClassBasedTestDescriptor.java:377)
  	at java.base/java.util.stream.ReferencePipeline$3$1.accept(ReferencePipeline.java:197)
  	at java.base/java.util.stream.ReferencePipeline$2$1.accept(ReferencePipeline.java:179)
  	at java.base/java.util.ArrayList$ArrayListSpliterator.forEachRemaining(ArrayList.java:1625)
  	at java.base/java.util.stream.AbstractPipeline.copyInto(AbstractPipeline.java:509)
  	at java.base/java.util.stream.AbstractPipeline.wrapAndCopyInto(AbstractPipeline.java:499)
  	at java.base/java.util.stream.StreamSpliterators$WrappingSpliterator.forEachRemaining(StreamSpliterators.java:310)
  	at java.base/java.util.stream.Streams$ConcatSpliterator.forEachRemaining(Streams.java:735)
  	at java.base/java.util.stream.Streams$ConcatSpliterator.forEachRemaining(Streams.java:734)
  	at java.base/java.util.stream.ReferencePipeline$Head.forEach(ReferencePipeline.java:762)
  	at org.junit.jupiter.engine.descriptor.ClassBasedTestDescriptor.invokeTestInstancePostProcessors(ClassBasedTestDescriptor.java:376)
  	at org.junit.jupiter.engine.descriptor.ClassBasedTestDescriptor.lambda$instantiateAndPostProcessTestInstance$6(ClassBasedTestDescriptor.java:289)
  	at org.junit.platform.engine.support.hierarchical.ThrowableCollector.execute(ThrowableCollector.java:73)
  	at org.junit.jupiter.engine.descriptor.ClassBasedTestDescriptor.instantiateAndPostProcessTestInstance(ClassBasedTestDescriptor.java:288)
  	at org.junit.jupiter.engine.descriptor.ClassBasedTestDescriptor.lambda$testInstancesProvider$4(ClassBasedTestDescriptor.java:278)
  	at java.base/java.util.Optional.orElseGet(Optional.java:364)
  	at org.junit.jupiter.engine.descriptor.ClassBasedTestDescriptor.lambda$testInstancesProvider$5(ClassBasedTestDescriptor.java:277)
  	at org.junit.jupiter.engine.execution.TestInstancesProvider.getTestInstances(TestInstancesProvider.java:31)
  	at org.junit.jupiter.engine.descriptor.TestMethodTestDescriptor.lambda$prepare$0(TestMethodTestDescriptor.java:105)
  	at org.junit.platform.engine.support.hierarchical.ThrowableCollector.execute(ThrowableCollector.java:73)
  	at org.junit.jupiter.engine.descriptor.TestMethodTestDescriptor.prepare(TestMethodTestDescriptor.java:104)
  	at org.junit.jupiter.engine.descriptor.TestMethodTestDescriptor.prepare(TestMethodTestDescriptor.java:68)
  	at org.junit.platform.engine.support.hierarchical.NodeTestTask.lambda$prepare$2(NodeTestTask.java:123)
  	at org.junit.platform.engine.support.hierarchical.ThrowableCollector.execute(ThrowableCollector.java:73)
  	at org.junit.platform.engine.support.hierarchical.NodeTestTask.prepare(NodeTestTask.java:123)
  	at org.junit.platform.engine.support.hierarchical.NodeTestTask.execute(NodeTestTask.java:90)
  	at java.base/java.util.ArrayList.forEach(ArrayList.java:1511)
  	at org.junit.platform.engine.support.hierarchical.SameThreadHierarchicalTestExecutorService.invokeAll(SameThreadHierarchicalTestExecutorService.java:41)
  	at org.junit.platform.engine.support.hierarchical.NodeTestTask.lambda$executeRecursively$6(NodeTestTask.java:155)
  	at org.junit.platform.engine.support.hierarchical.ThrowableCollector.execute(ThrowableCollector.java:73)
  	at org.junit.platform.engine.support.hierarchical.NodeTestTask.lambda$executeRecursively$8(NodeTestTask.java:141)
  	at org.junit.platform.engine.support.hierarchical.Node.around(Node.java:137)
  	at org.junit.platform.engine.support.hierarchical.NodeTestTask.lambda$executeRecursively$9(NodeTestTask.java:139)
  	at org.junit.platform.engine.support.hierarchical.ThrowableCollector.execute(ThrowableCollector.java:73)
  	at org.junit.platform.engine.support.hierarchical.NodeTestTask.executeRecursively(NodeTestTask.java:138)
  	at org.junit.platform.engine.support.hierarchical.NodeTestTask.execute(NodeTestTask.java:95)
  	at java.base/java.util.ArrayList.forEach(ArrayList.java:1511)
  	at org.junit.platform.engine.support.hierarchical.SameThreadHierarchicalTestExecutorService.invokeAll(SameThreadHierarchicalTestExecutorService.java:41)
  	at org.junit.platform.engine.support.hierarchical.NodeTestTask.lambda$executeRecursively$6(NodeTestTask.java:155)
  	at org.junit.platform.engine.support.hierarchical.ThrowableCollector.execute(ThrowableCollector.java:73)
  	at org.junit.platform.engine.support.hierarchical.NodeTestTask.lambda$executeRecursively$8(NodeTestTask.java:141)
  	at org.junit.platform.engine.support.hierarchical.Node.around(Node.java:137)
  	at org.junit.platform.engine.support.hierarchical.NodeTestTask.lambda$executeRecursively$9(NodeTestTask.java:139)
  	at org.junit.platform.engine.support.hierarchical.ThrowableCollector.execute(ThrowableCollector.java:73)
  	at org.junit.platform.engine.support.hierarchical.NodeTestTask.executeRecursively(NodeTestTask.java:138)
  	at org.junit.platform.engine.support.hierarchical.NodeTestTask.execute(NodeTestTask.java:95)
  	at org.junit.platform.engine.support.hierarchical.SameThreadHierarchicalTestExecutorService.submit(SameThreadHierarchicalTestExecutorService.java:35)
  	at org.junit.platform.engine.support.hierarchical.HierarchicalTestExecutor.execute(HierarchicalTestExecutor.java:57)
  	at org.junit.platform.engine.support.hierarchical.HierarchicalTestEngine.execute(HierarchicalTestEngine.java:54)
  	at org.junit.platform.launcher.core.DefaultLauncher.execute(DefaultLauncher.java:220)
  	at org.junit.platform.launcher.core.DefaultLauncher.lambda$execute$6(DefaultLauncher.java:188)
  	at org.junit.platform.launcher.core.DefaultLauncher.withInterceptedStreams(DefaultLauncher.java:202)
  	at org.junit.platform.launcher.core.DefaultLauncher.execute(DefaultLauncher.java:181)
  	at org.junit.platform.launcher.core.DefaultLauncher.execute(DefaultLauncher.java:128)
  	at org.apache.maven.surefire.junitplatform.JUnitPlatformProvider.invokeAllTests(JUnitPlatformProvider.java:150)
  	at org.apache.maven.surefire.junitplatform.JUnitPlatformProvider.invoke(JUnitPlatformProvider.java:124)
  	at org.apache.maven.surefire.booter.ForkedBooter.invokeProviderInSameClassLoader(ForkedBooter.java:384)
  	at org.apache.maven.surefire.booter.ForkedBooter.runSuitesInProcess(ForkedBooter.java:345)
  	at org.apache.maven.surefire.booter.ForkedBooter.execute(ForkedBooter.java:126)
  	at org.apache.maven.surefire.booter.ForkedBooter.main(ForkedBooter.java:418)
  Caused by: org.springframework.context.annotation.ConflictingBeanDefinitionException: Annotation-specified bean name 'authenticationStrategyRegistry' for bean class [com.collaboportal.common.strategy.auth.AuthenticationStrategyRegistry] conflicts with existing, non-compatible bean definition of same name and class [com.collaboportal.common.spring.registry.AuthenticationStrategyRegistry]
  	at org.springframework.context.annotation.ClassPathBeanDefinitionScanner.checkCandidate(ClassPathBeanDefinitionScanner.java:349)
  	at org.springframework.context.annotation.ClassPathBeanDefinitionScanner.doScan(ClassPathBeanDefinitionScanner.java:287)
  	at org.springframework.context.annotation.ComponentScanAnnotationParser.parse(ComponentScanAnnotationParser.java:128)
  	at org.springframework.context.annotation.ConfigurationClassParser.doProcessConfigurationClass(ConfigurationClassParser.java:289)
  	at org.springframework.context.annotation.ConfigurationClassParser.processConfigurationClass(ConfigurationClassParser.java:243)
  	at org.springframework.context.annotation.ConfigurationClassParser.parse(ConfigurationClassParser.java:196)
  	at org.springframework.context.annotation.ConfigurationClassParser.parse(ConfigurationClassParser.java:164)
  	... 85 common frames omitted
date:2025-07-25 18:35:00	thread:main	X-Track:	level:ERROR	logger:o.s.test.context.TestContextManager             	message:Caught exception while allowing TestExecutionListener [org.spri......ork.test.context.......Listener] to prepare test instance [com.coll......al.shoho.ShohoApplicationTests@4714f447]
java.lang.IllegalStateException: Failed to load ApplicationContext for [WebMergedContextConfiguration@54ed249f testClass = com.collaboportal.shoho.ShohoApplicationTests, locations = [], classes = [com.collaboportal.shoho.ShohoApplication], contextInitializerClasses = [], activeProfiles = [], propertySourceLocations = [], propertySourceProperties = ["org.springframework.boot.test.context.SpringBootTestContextBootstrapper=true"], contextCustomizers = [org.springframework.boot.test.context.filter.ExcludeFilterContextCustomizer@31500940, org.springframework.boot.test.json.DuplicateJsonObjectContextCustomizerFactory$DuplicateJsonObjectContextCustomizer@24f43aa3, org.springframework.boot.test.mock.mockito.MockitoContextCustomizer@0, org.springframework.boot.test.web.client.TestRestTemplateContextCustomizer@213e3629, org.springframework.boot.test.autoconfigure.actuate.observability.ObservabilityContextCustomizerFactory$DisableObservabilityContextCustomizer@9da1, org.springframework.boot.test.autoconfigure.properties.PropertyMappingContextCustomizer@0, org.springframework.boot.test.autoconfigure.web.servlet.WebDriverContextCustomizerFactory$Customizer@547e29a4, org.springframework.boot.test.context.SpringBootTestAnnotation@9921418], resourceBasePath = "src/main/webapp", contextLoader = org.springframework.boot.test.context.SpringBootContextLoader, parent = null]
  	at org.springframework.test.context.cache.DefaultCacheAwareContextLoaderDelegate.loadContext(DefaultCacheAwareContextLoaderDelegate.java:142)
  	at org.springframework.test.context.support.DefaultTestContext.getApplicationContext(DefaultTestContext.java:127)
  	at org.springframework.test.context.web.ServletTestExecutionListener.setUpRequestContextIfNecessary(ServletTestExecutionListener.java:191)
  	at org.springframework.test.context.web.ServletTestExecutionListener.prepareTestInstance(ServletTestExecutionListener.java:130)
  	at org.springframework.test.context.TestContextManager.prepareTestInstance(TestContextManager.java:241)
  	at org.springframework.test.context.junit.jupiter.SpringExtension.postProcessTestInstance(SpringExtension.java:138)
  	at org.junit.jupiter.engine.descriptor.ClassBasedTestDescriptor.lambda$invokeTestInstancePostProcessors$10(ClassBasedTestDescriptor.java:377)
  	at org.junit.jupiter.engine.descriptor.ClassBasedTestDescriptor.executeAndMaskThrowable(ClassBasedTestDescriptor.java:382)
  	at org.junit.jupiter.engine.descriptor.ClassBasedTestDescriptor.lambda$invokeTestInstancePostProcessors$11(ClassBasedTestDescriptor.java:377)
  	at java.base/java.util.stream.ReferencePipeline$3$1.accept(ReferencePipeline.java:197)
  	at java.base/java.util.stream.ReferencePipeline$2$1.accept(ReferencePipeline.java:179)
  	at java.base/java.util.ArrayList$ArrayListSpliterator.forEachRemaining(ArrayList.java:1625)
  	at java.base/java.util.stream.AbstractPipeline.copyInto(AbstractPipeline.java:509)
  	at java.base/java.util.stream.AbstractPipeline.wrapAndCopyInto(AbstractPipeline.java:499)
  	at java.base/java.util.stream.StreamSpliterators$WrappingSpliterator.forEachRemaining(StreamSpliterators.java:310)
  	at java.base/java.util.stream.Streams$ConcatSpliterator.forEachRemaining(Streams.java:735)
  	at java.base/java.util.stream.Streams$ConcatSpliterator.forEachRemaining(Streams.java:734)
  	at java.base/java.util.stream.ReferencePipeline$Head.forEach(ReferencePipeline.java:762)
  	at org.junit.jupiter.engine.descriptor.ClassBasedTestDescriptor.invokeTestInstancePostProcessors(ClassBasedTestDescriptor.java:376)
  	at org.junit.jupiter.engine.descriptor.ClassBasedTestDescriptor.lambda$instantiateAndPostProcessTestInstance$6(ClassBasedTestDescriptor.java:289)
  	at org.junit.platform.engine.support.hierarchical.ThrowableCollector.execute(ThrowableCollector.java:73)
  	at org.junit.jupiter.engine.descriptor.ClassBasedTestDescriptor.instantiateAndPostProcessTestInstance(ClassBasedTestDescriptor.java:288)
  	at org.junit.jupiter.engine.descriptor.ClassBasedTestDescriptor.lambda$testInstancesProvider$4(ClassBasedTestDescriptor.java:278)
  	at java.base/java.util.Optional.orElseGet(Optional.java:364)
  	at org.junit.jupiter.engine.descriptor.ClassBasedTestDescriptor.lambda$testInstancesProvider$5(ClassBasedTestDescriptor.java:277)
  	at org.junit.jupiter.engine.execution.TestInstancesProvider.getTestInstances(TestInstancesProvider.java:31)
  	at org.junit.jupiter.engine.descriptor.TestMethodTestDescriptor.lambda$prepare$0(TestMethodTestDescriptor.java:105)
  	at org.junit.platform.engine.support.hierarchical.ThrowableCollector.execute(ThrowableCollector.java:73)
  	at org.junit.jupiter.engine.descriptor.TestMethodTestDescriptor.prepare(TestMethodTestDescriptor.java:104)
  	at org.junit.jupiter.engine.descriptor.TestMethodTestDescriptor.prepare(TestMethodTestDescriptor.java:68)
  	at org.junit.platform.engine.support.hierarchical.NodeTestTask.lambda$prepare$2(NodeTestTask.java:123)
  	at org.junit.platform.engine.support.hierarchical.ThrowableCollector.execute(ThrowableCollector.java:73)
  	at org.junit.platform.engine.support.hierarchical.NodeTestTask.prepare(NodeTestTask.java:123)
  	at org.junit.platform.engine.support.hierarchical.NodeTestTask.execute(NodeTestTask.java:90)
  	at java.base/java.util.ArrayList.forEach(ArrayList.java:1511)
  	at org.junit.platform.engine.support.hierarchical.SameThreadHierarchicalTestExecutorService.invokeAll(SameThreadHierarchicalTestExecutorService.java:41)
  	at org.junit.platform.engine.support.hierarchical.NodeTestTask.lambda$executeRecursively$6(NodeTestTask.java:155)
  	at org.junit.platform.engine.support.hierarchical.ThrowableCollector.execute(ThrowableCollector.java:73)
  	at org.junit.platform.engine.support.hierarchical.NodeTestTask.lambda$executeRecursively$8(NodeTestTask.java:141)
  	at org.junit.platform.engine.support.hierarchical.Node.around(Node.java:137)
  	at org.junit.platform.engine.support.hierarchical.NodeTestTask.lambda$executeRecursively$9(NodeTestTask.java:139)
  	at org.junit.platform.engine.support.hierarchical.ThrowableCollector.execute(ThrowableCollector.java:73)
  	at org.junit.platform.engine.support.hierarchical.NodeTestTask.executeRecursively(NodeTestTask.java:138)
  	at org.junit.platform.engine.support.hierarchical.NodeTestTask.execute(NodeTestTask.java:95)
  	at java.base/java.util.ArrayList.forEach(ArrayList.java:1511)
  	at org.junit.platform.engine.support.hierarchical.SameThreadHierarchicalTestExecutorService.invokeAll(SameThreadHierarchicalTestExecutorService.java:41)
  	at org.junit.platform.engine.support.hierarchical.NodeTestTask.lambda$executeRecursively$6(NodeTestTask.java:155)
  	at org.junit.platform.engine.support.hierarchical.ThrowableCollector.execute(ThrowableCollector.java:73)
  	at org.junit.platform.engine.support.hierarchical.NodeTestTask.lambda$executeRecursively$8(NodeTestTask.java:141)
  	at org.junit.platform.engine.support.hierarchical.Node.around(Node.java:137)
  	at org.junit.platform.engine.support.hierarchical.NodeTestTask.lambda$executeRecursively$9(NodeTestTask.java:139)
  	at org.junit.platform.engine.support.hierarchical.ThrowableCollector.execute(ThrowableCollector.java:73)
  	at org.junit.platform.engine.support.hierarchical.NodeTestTask.executeRecursively(NodeTestTask.java:138)
  	at org.junit.platform.engine.support.hierarchical.NodeTestTask.execute(NodeTestTask.java:95)
  	at org.junit.platform.engine.support.hierarchical.SameThreadHierarchicalTestExecutorService.submit(SameThreadHierarchicalTestExecutorService.java:35)
  	at org.junit.platform.engine.support.hierarchical.HierarchicalTestExecutor.execute(HierarchicalTestExecutor.java:57)
  	at org.junit.platform.engine.support.hierarchical.HierarchicalTestEngine.execute(HierarchicalTestEngine.java:54)
  	at org.junit.platform.launcher.core.DefaultLauncher.execute(DefaultLauncher.java:220)
  	at org.junit.platform.launcher.core.DefaultLauncher.lambda$execute$6(DefaultLauncher.java:188)
  	at org.junit.platform.launcher.core.DefaultLauncher.withInterceptedStreams(DefaultLauncher.java:202)
  	at org.junit.platform.launcher.core.DefaultLauncher.execute(DefaultLauncher.java:181)
  	at org.junit.platform.launcher.core.DefaultLauncher.execute(DefaultLauncher.java:128)
  	at org.apache.maven.surefire.junitplatform.JUnitPlatformProvider.invokeAllTests(JUnitPlatformProvider.java:150)
  	at org.apache.maven.surefire.junitplatform.JUnitPlatformProvider.invoke(JUnitPlatformProvider.java:124)
  	at org.apache.maven.surefire.booter.ForkedBooter.invokeProviderInSameClassLoader(ForkedBooter.java:384)
  	at org.apache.maven.surefire.booter.ForkedBooter.runSuitesInProcess(ForkedBooter.java:345)
  	at org.apache.maven.surefire.booter.ForkedBooter.execute(ForkedBooter.java:126)
  	at org.apache.maven.surefire.booter.ForkedBooter.main(ForkedBooter.java:418)
  Caused by: org.springframework.beans.factory.BeanDefinitionStoreException: Failed to parse configuration class [com.collaboportal.shoho.ShohoApplication]
  	at org.springframework.context.annotation.ConfigurationClassParser.parse(ConfigurationClassParser.java:178)
  	at org.springframework.context.annotation.ConfigurationClassPostProcessor.processConfigBeanDefinitions(ConfigurationClassPostProcessor.java:398)
  	at org.springframework.context.annotation.ConfigurationClassPostProcessor.postProcessBeanDefinitionRegistry(ConfigurationClassPostProcessor.java:283)
  	at org.springframework.context.support.PostProcessorRegistrationDelegate.invokeBeanDefinitionRegistryPostProcessors(PostProcessorRegistrationDelegate.java:344)
  	at org.springframework.context.support.PostProcessorRegistrationDelegate.invokeBeanFactoryPostProcessors(PostProcessorRegistrationDelegate.java:115)
  	at org.springframework.context.support.AbstractApplicationContext.invokeBeanFactoryPostProcessors(AbstractApplicationContext.java:745)
  	at org.springframework.context.support.AbstractApplicationContext.refresh(AbstractApplicationContext.java:565)
  	at org.springframework.boot.SpringApplication.refresh(SpringApplication.java:730)
  	at org.springframework.boot.SpringApplication.refreshContext(SpringApplication.java:432)
  	at org.springframework.boot.SpringApplication.run(SpringApplication.java:308)
  	at org.springframework.boot.test.context.SpringBootContextLoader.lambda$loadContext$3(SpringBootContextLoader.java:137)
  	at org.springframework.util.function.ThrowingSupplier.get(ThrowingSupplier.java:59)
  	at org.springframework.util.function.ThrowingSupplier.get(ThrowingSupplier.java:47)
  	at org.springframework.boot.SpringApplication.withHook(SpringApplication.java:1386)
  	at org.springframework.boot.test.context.SpringBootContextLoader$ContextLoaderHook.run(SpringBootContextLoader.java:543)
  	at org.springframework.boot.test.context.SpringBootContextLoader.loadContext(SpringBootContextLoader.java:137)
  	at org.springframework.boot.test.context.SpringBootContextLoader.loadContext(SpringBootContextLoader.java:108)
  	at org.springframework.test.context.cache.DefaultCacheAwareContextLoaderDelegate.loadContextInternal(DefaultCacheAwareContextLoaderDelegate.java:184)
  	at org.springframework.test.context.cache.DefaultCacheAwareContextLoaderDelegate.loadContext(DefaultCacheAwareContextLoaderDelegate.java:118)
  	... 67 common frames omitted
  Caused by: org.springframework.context.annotation.ConflictingBeanDefinitionException: Annotation-specified bean name 'authenticationStrategyRegistry' for bean class [com.collaboportal.common.strategy.auth.AuthenticationStrategyRegistry] conflicts with existing, non-compatible bean definition of same name and class [com.collaboportal.common.spring.registry.AuthenticationStrategyRegistry]
  	at org.springframework.context.annotation.ClassPathBeanDefinitionScanner.checkCandidate(ClassPathBeanDefinitionScanner.java:349)
  	at org.springframework.context.annotation.ClassPathBeanDefinitionScanner.doScan(ClassPathBeanDefinitionScanner.java:287)
  	at org.springframework.context.annotation.ComponentScanAnnotationParser.parse(ComponentScanAnnotationParser.java:128)
  	at org.springframework.context.annotation.ConfigurationClassParser.doProcessConfigurationClass(ConfigurationClassParser.java:289)
  	at org.springframework.context.annotation.ConfigurationClassParser.processConfigurationClass(ConfigurationClassParser.java:243)
  	at org.springframework.context.annotation.ConfigurationClassParser.parse(ConfigurationClassParser.java:196)
  	at org.springframework.context.annotation.ConfigurationClassParser.parse(ConfigurationClassParser.java:164)
  	... 85 common frames omitted
date:2025-07-25 18:37:47	thread:background-preinit	X-Track:	level:INFO 	logger:org.hibernate.validator.internal.util.Version   	message:HV000001: Hibernate Validator ******.******.******.Final
date:2025-07-25 18:37:47	thread:main	X-Track:	level:WARN 	logger:o.s.b.t.j.DuplicateJsonObjectContextCustomizerFactory$DuplicateJsonObjectContextCustomizer	message:
  
  Found multiple occurrences of org.json......ONObject on the class path:
  
  	jar:file:/root/.m2/repository/com/vaadin/external/google/android-json/******.******.******.vaadin1/android-......20131108.vaadin1.jar!/org/json/JSONObject.class
  	jar:file:/root/.m2/repository/org/json/json/20220924/json-20220924.jar!/org/json/JSONObject.class
  
  You may wish to exclude one of them to ensure predictable runtime behavior
  
date:2025-07-25 18:37:49	thread:main	X-Track:	level:INFO 	logger:com.collaboportal.shoho.ShohoApplicationTests   	message:Starting ShohoApplicationTests using Java ******.******.****** with PID 11768 (started by root in /home/workspace/api/shoho)
date:2025-07-25 18:37:49	thread:main	X-Track:	level:DEBUG	logger:com.collaboportal.shoho.ShohoApplicationTests   	message:Running with Spring Boot ******.******.******, Spring ******.******.******
date:2025-07-25 18:37:49	thread:main	X-Track:	level:INFO 	logger:com.collaboportal.shoho.ShohoApplicationTests   	message:No active profile set, falling back to 1 default profile: "default"
date:2025-07-25 18:37:50	thread:main	X-Track:	level:WARN 	logger:o.s.w.c.support.GenericWebApplicationContext    	message:Exception encountered during context initialization - cancelling refresh attempt: org.spri......rk.beans.factory.BeanDefinitionStoreException: Failed to parse configuration class [com.coll......al.shoho.ShohoApplication]
date:2025-07-25 18:37:50	thread:main	X-Track:	level:ERROR	logger:org.springframework.boot.SpringApplication      	message:Application run failed
org.springframework.beans.factory.BeanDefinitionStoreException: Failed to parse configuration class [com.collaboportal.shoho.ShohoApplication]
  	at org.springframework.context.annotation.ConfigurationClassParser.parse(ConfigurationClassParser.java:178)
  	at org.springframework.context.annotation.ConfigurationClassPostProcessor.processConfigBeanDefinitions(ConfigurationClassPostProcessor.java:398)
  	at org.springframework.context.annotation.ConfigurationClassPostProcessor.postProcessBeanDefinitionRegistry(ConfigurationClassPostProcessor.java:283)
  	at org.springframework.context.support.PostProcessorRegistrationDelegate.invokeBeanDefinitionRegistryPostProcessors(PostProcessorRegistrationDelegate.java:344)
  	at org.springframework.context.support.PostProcessorRegistrationDelegate.invokeBeanFactoryPostProcessors(PostProcessorRegistrationDelegate.java:115)
  	at org.springframework.context.support.AbstractApplicationContext.invokeBeanFactoryPostProcessors(AbstractApplicationContext.java:745)
  	at org.springframework.context.support.AbstractApplicationContext.refresh(AbstractApplicationContext.java:565)
  	at org.springframework.boot.SpringApplication.refresh(SpringApplication.java:730)
  	at org.springframework.boot.SpringApplication.refreshContext(SpringApplication.java:432)
  	at org.springframework.boot.SpringApplication.run(SpringApplication.java:308)
  	at org.springframework.boot.test.context.SpringBootContextLoader.lambda$loadContext$3(SpringBootContextLoader.java:137)
  	at org.springframework.util.function.ThrowingSupplier.get(ThrowingSupplier.java:59)
  	at org.springframework.util.function.ThrowingSupplier.get(ThrowingSupplier.java:47)
  	at org.springframework.boot.SpringApplication.withHook(SpringApplication.java:1386)
  	at org.springframework.boot.test.context.SpringBootContextLoader$ContextLoaderHook.run(SpringBootContextLoader.java:543)
  	at org.springframework.boot.test.context.SpringBootContextLoader.loadContext(SpringBootContextLoader.java:137)
  	at org.springframework.boot.test.context.SpringBootContextLoader.loadContext(SpringBootContextLoader.java:108)
  	at org.springframework.test.context.cache.DefaultCacheAwareContextLoaderDelegate.loadContextInternal(DefaultCacheAwareContextLoaderDelegate.java:184)
  	at org.springframework.test.context.cache.DefaultCacheAwareContextLoaderDelegate.loadContext(DefaultCacheAwareContextLoaderDelegate.java:118)
  	at org.springframework.test.context.support.DefaultTestContext.getApplicationContext(DefaultTestContext.java:127)
  	at org.springframework.test.context.web.ServletTestExecutionListener.setUpRequestContextIfNecessary(ServletTestExecutionListener.java:191)
  	at org.springframework.test.context.web.ServletTestExecutionListener.prepareTestInstance(ServletTestExecutionListener.java:130)
  	at org.springframework.test.context.TestContextManager.prepareTestInstance(TestContextManager.java:241)
  	at org.springframework.test.context.junit.jupiter.SpringExtension.postProcessTestInstance(SpringExtension.java:138)
  	at org.junit.jupiter.engine.descriptor.ClassBasedTestDescriptor.lambda$invokeTestInstancePostProcessors$10(ClassBasedTestDescriptor.java:377)
  	at org.junit.jupiter.engine.descriptor.ClassBasedTestDescriptor.executeAndMaskThrowable(ClassBasedTestDescriptor.java:382)
  	at org.junit.jupiter.engine.descriptor.ClassBasedTestDescriptor.lambda$invokeTestInstancePostProcessors$11(ClassBasedTestDescriptor.java:377)
  	at java.base/java.util.stream.ReferencePipeline$3$1.accept(ReferencePipeline.java:197)
  	at java.base/java.util.stream.ReferencePipeline$2$1.accept(ReferencePipeline.java:179)
  	at java.base/java.util.ArrayList$ArrayListSpliterator.forEachRemaining(ArrayList.java:1625)
  	at java.base/java.util.stream.AbstractPipeline.copyInto(AbstractPipeline.java:509)
  	at java.base/java.util.stream.AbstractPipeline.wrapAndCopyInto(AbstractPipeline.java:499)
  	at java.base/java.util.stream.StreamSpliterators$WrappingSpliterator.forEachRemaining(StreamSpliterators.java:310)
  	at java.base/java.util.stream.Streams$ConcatSpliterator.forEachRemaining(Streams.java:735)
  	at java.base/java.util.stream.Streams$ConcatSpliterator.forEachRemaining(Streams.java:734)
  	at java.base/java.util.stream.ReferencePipeline$Head.forEach(ReferencePipeline.java:762)
  	at org.junit.jupiter.engine.descriptor.ClassBasedTestDescriptor.invokeTestInstancePostProcessors(ClassBasedTestDescriptor.java:376)
  	at org.junit.jupiter.engine.descriptor.ClassBasedTestDescriptor.lambda$instantiateAndPostProcessTestInstance$6(ClassBasedTestDescriptor.java:289)
  	at org.junit.platform.engine.support.hierarchical.ThrowableCollector.execute(ThrowableCollector.java:73)
  	at org.junit.jupiter.engine.descriptor.ClassBasedTestDescriptor.instantiateAndPostProcessTestInstance(ClassBasedTestDescriptor.java:288)
  	at org.junit.jupiter.engine.descriptor.ClassBasedTestDescriptor.lambda$testInstancesProvider$4(ClassBasedTestDescriptor.java:278)
  	at java.base/java.util.Optional.orElseGet(Optional.java:364)
  	at org.junit.jupiter.engine.descriptor.ClassBasedTestDescriptor.lambda$testInstancesProvider$5(ClassBasedTestDescriptor.java:277)
  	at org.junit.jupiter.engine.execution.TestInstancesProvider.getTestInstances(TestInstancesProvider.java:31)
  	at org.junit.jupiter.engine.descriptor.TestMethodTestDescriptor.lambda$prepare$0(TestMethodTestDescriptor.java:105)
  	at org.junit.platform.engine.support.hierarchical.ThrowableCollector.execute(ThrowableCollector.java:73)
  	at org.junit.jupiter.engine.descriptor.TestMethodTestDescriptor.prepare(TestMethodTestDescriptor.java:104)
  	at org.junit.jupiter.engine.descriptor.TestMethodTestDescriptor.prepare(TestMethodTestDescriptor.java:68)
  	at org.junit.platform.engine.support.hierarchical.NodeTestTask.lambda$prepare$2(NodeTestTask.java:123)
  	at org.junit.platform.engine.support.hierarchical.ThrowableCollector.execute(ThrowableCollector.java:73)
  	at org.junit.platform.engine.support.hierarchical.NodeTestTask.prepare(NodeTestTask.java:123)
  	at org.junit.platform.engine.support.hierarchical.NodeTestTask.execute(NodeTestTask.java:90)
  	at java.base/java.util.ArrayList.forEach(ArrayList.java:1511)
  	at org.junit.platform.engine.support.hierarchical.SameThreadHierarchicalTestExecutorService.invokeAll(SameThreadHierarchicalTestExecutorService.java:41)
  	at org.junit.platform.engine.support.hierarchical.NodeTestTask.lambda$executeRecursively$6(NodeTestTask.java:155)
  	at org.junit.platform.engine.support.hierarchical.ThrowableCollector.execute(ThrowableCollector.java:73)
  	at org.junit.platform.engine.support.hierarchical.NodeTestTask.lambda$executeRecursively$8(NodeTestTask.java:141)
  	at org.junit.platform.engine.support.hierarchical.Node.around(Node.java:137)
  	at org.junit.platform.engine.support.hierarchical.NodeTestTask.lambda$executeRecursively$9(NodeTestTask.java:139)
  	at org.junit.platform.engine.support.hierarchical.ThrowableCollector.execute(ThrowableCollector.java:73)
  	at org.junit.platform.engine.support.hierarchical.NodeTestTask.executeRecursively(NodeTestTask.java:138)
  	at org.junit.platform.engine.support.hierarchical.NodeTestTask.execute(NodeTestTask.java:95)
  	at java.base/java.util.ArrayList.forEach(ArrayList.java:1511)
  	at org.junit.platform.engine.support.hierarchical.SameThreadHierarchicalTestExecutorService.invokeAll(SameThreadHierarchicalTestExecutorService.java:41)
  	at org.junit.platform.engine.support.hierarchical.NodeTestTask.lambda$executeRecursively$6(NodeTestTask.java:155)
  	at org.junit.platform.engine.support.hierarchical.ThrowableCollector.execute(ThrowableCollector.java:73)
  	at org.junit.platform.engine.support.hierarchical.NodeTestTask.lambda$executeRecursively$8(NodeTestTask.java:141)
  	at org.junit.platform.engine.support.hierarchical.Node.around(Node.java:137)
  	at org.junit.platform.engine.support.hierarchical.NodeTestTask.lambda$executeRecursively$9(NodeTestTask.java:139)
  	at org.junit.platform.engine.support.hierarchical.ThrowableCollector.execute(ThrowableCollector.java:73)
  	at org.junit.platform.engine.support.hierarchical.NodeTestTask.executeRecursively(NodeTestTask.java:138)
  	at org.junit.platform.engine.support.hierarchical.NodeTestTask.execute(NodeTestTask.java:95)
  	at org.junit.platform.engine.support.hierarchical.SameThreadHierarchicalTestExecutorService.submit(SameThreadHierarchicalTestExecutorService.java:35)
  	at org.junit.platform.engine.support.hierarchical.HierarchicalTestExecutor.execute(HierarchicalTestExecutor.java:57)
  	at org.junit.platform.engine.support.hierarchical.HierarchicalTestEngine.execute(HierarchicalTestEngine.java:54)
  	at org.junit.platform.launcher.core.DefaultLauncher.execute(DefaultLauncher.java:220)
  	at org.junit.platform.launcher.core.DefaultLauncher.lambda$execute$6(DefaultLauncher.java:188)
  	at org.junit.platform.launcher.core.DefaultLauncher.withInterceptedStreams(DefaultLauncher.java:202)
  	at org.junit.platform.launcher.core.DefaultLauncher.execute(DefaultLauncher.java:181)
  	at org.junit.platform.launcher.core.DefaultLauncher.execute(DefaultLauncher.java:128)
  	at org.apache.maven.surefire.junitplatform.JUnitPlatformProvider.invokeAllTests(JUnitPlatformProvider.java:150)
  	at org.apache.maven.surefire.junitplatform.JUnitPlatformProvider.invoke(JUnitPlatformProvider.java:124)
  	at org.apache.maven.surefire.booter.ForkedBooter.invokeProviderInSameClassLoader(ForkedBooter.java:384)
  	at org.apache.maven.surefire.booter.ForkedBooter.runSuitesInProcess(ForkedBooter.java:345)
  	at org.apache.maven.surefire.booter.ForkedBooter.execute(ForkedBooter.java:126)
  	at org.apache.maven.surefire.booter.ForkedBooter.main(ForkedBooter.java:418)
  Caused by: org.springframework.context.annotation.ConflictingBeanDefinitionException: Annotation-specified bean name 'authenticationStrategyRegistry' for bean class [com.collaboportal.common.strategy.auth.AuthenticationStrategyRegistry] conflicts with existing, non-compatible bean definition of same name and class [com.collaboportal.common.spring.registry.AuthenticationStrategyRegistry]
  	at org.springframework.context.annotation.ClassPathBeanDefinitionScanner.checkCandidate(ClassPathBeanDefinitionScanner.java:349)
  	at org.springframework.context.annotation.ClassPathBeanDefinitionScanner.doScan(ClassPathBeanDefinitionScanner.java:287)
  	at org.springframework.context.annotation.ComponentScanAnnotationParser.parse(ComponentScanAnnotationParser.java:128)
  	at org.springframework.context.annotation.ConfigurationClassParser.doProcessConfigurationClass(ConfigurationClassParser.java:289)
  	at org.springframework.context.annotation.ConfigurationClassParser.processConfigurationClass(ConfigurationClassParser.java:243)
  	at org.springframework.context.annotation.ConfigurationClassParser.parse(ConfigurationClassParser.java:196)
  	at org.springframework.context.annotation.ConfigurationClassParser.parse(ConfigurationClassParser.java:164)
  	... 85 common frames omitted
date:2025-07-25 18:37:50	thread:main	X-Track:	level:ERROR	logger:o.s.test.context.TestContextManager             	message:Caught exception while allowing TestExecutionListener [org.spri......ork.test.context.......Listener] to prepare test instance [com.coll......al.shoho.ShohoApplicationTests@562f6681]
java.lang.IllegalStateException: Failed to load ApplicationContext for [WebMergedContextConfiguration@1c05097c testClass = com.collaboportal.shoho.ShohoApplicationTests, locations = [], classes = [com.collaboportal.shoho.ShohoApplication], contextInitializerClasses = [], activeProfiles = [], propertySourceLocations = [], propertySourceProperties = ["org.springframework.boot.test.context.SpringBootTestContextBootstrapper=true"], contextCustomizers = [org.springframework.boot.test.context.filter.ExcludeFilterContextCustomizer@1827a871, org.springframework.boot.test.json.DuplicateJsonObjectContextCustomizerFactory$DuplicateJsonObjectContextCustomizer@63fd4873, org.springframework.boot.test.mock.mockito.MockitoContextCustomizer@0, org.springframework.boot.test.web.client.TestRestTemplateContextCustomizer@4e9658b5, org.springframework.boot.test.autoconfigure.actuate.observability.ObservabilityContextCustomizerFactory$DisableObservabilityContextCustomizer@9da1, org.springframework.boot.test.autoconfigure.properties.PropertyMappingContextCustomizer@0, org.springframework.boot.test.autoconfigure.web.servlet.WebDriverContextCustomizerFactory$Customizer@1c807b1d, org.springframework.boot.test.context.SpringBootTestAnnotation@8fc6bcee], resourceBasePath = "src/main/webapp", contextLoader = org.springframework.boot.test.context.SpringBootContextLoader, parent = null]
  	at org.springframework.test.context.cache.DefaultCacheAwareContextLoaderDelegate.loadContext(DefaultCacheAwareContextLoaderDelegate.java:142)
  	at org.springframework.test.context.support.DefaultTestContext.getApplicationContext(DefaultTestContext.java:127)
  	at org.springframework.test.context.web.ServletTestExecutionListener.setUpRequestContextIfNecessary(ServletTestExecutionListener.java:191)
  	at org.springframework.test.context.web.ServletTestExecutionListener.prepareTestInstance(ServletTestExecutionListener.java:130)
  	at org.springframework.test.context.TestContextManager.prepareTestInstance(TestContextManager.java:241)
  	at org.springframework.test.context.junit.jupiter.SpringExtension.postProcessTestInstance(SpringExtension.java:138)
  	at org.junit.jupiter.engine.descriptor.ClassBasedTestDescriptor.lambda$invokeTestInstancePostProcessors$10(ClassBasedTestDescriptor.java:377)
  	at org.junit.jupiter.engine.descriptor.ClassBasedTestDescriptor.executeAndMaskThrowable(ClassBasedTestDescriptor.java:382)
  	at org.junit.jupiter.engine.descriptor.ClassBasedTestDescriptor.lambda$invokeTestInstancePostProcessors$11(ClassBasedTestDescriptor.java:377)
  	at java.base/java.util.stream.ReferencePipeline$3$1.accept(ReferencePipeline.java:197)
  	at java.base/java.util.stream.ReferencePipeline$2$1.accept(ReferencePipeline.java:179)
  	at java.base/java.util.ArrayList$ArrayListSpliterator.forEachRemaining(ArrayList.java:1625)
  	at java.base/java.util.stream.AbstractPipeline.copyInto(AbstractPipeline.java:509)
  	at java.base/java.util.stream.AbstractPipeline.wrapAndCopyInto(AbstractPipeline.java:499)
  	at java.base/java.util.stream.StreamSpliterators$WrappingSpliterator.forEachRemaining(StreamSpliterators.java:310)
  	at java.base/java.util.stream.Streams$ConcatSpliterator.forEachRemaining(Streams.java:735)
  	at java.base/java.util.stream.Streams$ConcatSpliterator.forEachRemaining(Streams.java:734)
  	at java.base/java.util.stream.ReferencePipeline$Head.forEach(ReferencePipeline.java:762)
  	at org.junit.jupiter.engine.descriptor.ClassBasedTestDescriptor.invokeTestInstancePostProcessors(ClassBasedTestDescriptor.java:376)
  	at org.junit.jupiter.engine.descriptor.ClassBasedTestDescriptor.lambda$instantiateAndPostProcessTestInstance$6(ClassBasedTestDescriptor.java:289)
  	at org.junit.platform.engine.support.hierarchical.ThrowableCollector.execute(ThrowableCollector.java:73)
  	at org.junit.jupiter.engine.descriptor.ClassBasedTestDescriptor.instantiateAndPostProcessTestInstance(ClassBasedTestDescriptor.java:288)
  	at org.junit.jupiter.engine.descriptor.ClassBasedTestDescriptor.lambda$testInstancesProvider$4(ClassBasedTestDescriptor.java:278)
  	at java.base/java.util.Optional.orElseGet(Optional.java:364)
  	at org.junit.jupiter.engine.descriptor.ClassBasedTestDescriptor.lambda$testInstancesProvider$5(ClassBasedTestDescriptor.java:277)
  	at org.junit.jupiter.engine.execution.TestInstancesProvider.getTestInstances(TestInstancesProvider.java:31)
  	at org.junit.jupiter.engine.descriptor.TestMethodTestDescriptor.lambda$prepare$0(TestMethodTestDescriptor.java:105)
  	at org.junit.platform.engine.support.hierarchical.ThrowableCollector.execute(ThrowableCollector.java:73)
  	at org.junit.jupiter.engine.descriptor.TestMethodTestDescriptor.prepare(TestMethodTestDescriptor.java:104)
  	at org.junit.jupiter.engine.descriptor.TestMethodTestDescriptor.prepare(TestMethodTestDescriptor.java:68)
  	at org.junit.platform.engine.support.hierarchical.NodeTestTask.lambda$prepare$2(NodeTestTask.java:123)
  	at org.junit.platform.engine.support.hierarchical.ThrowableCollector.execute(ThrowableCollector.java:73)
  	at org.junit.platform.engine.support.hierarchical.NodeTestTask.prepare(NodeTestTask.java:123)
  	at org.junit.platform.engine.support.hierarchical.NodeTestTask.execute(NodeTestTask.java:90)
  	at java.base/java.util.ArrayList.forEach(ArrayList.java:1511)
  	at org.junit.platform.engine.support.hierarchical.SameThreadHierarchicalTestExecutorService.invokeAll(SameThreadHierarchicalTestExecutorService.java:41)
  	at org.junit.platform.engine.support.hierarchical.NodeTestTask.lambda$executeRecursively$6(NodeTestTask.java:155)
  	at org.junit.platform.engine.support.hierarchical.ThrowableCollector.execute(ThrowableCollector.java:73)
  	at org.junit.platform.engine.support.hierarchical.NodeTestTask.lambda$executeRecursively$8(NodeTestTask.java:141)
  	at org.junit.platform.engine.support.hierarchical.Node.around(Node.java:137)
  	at org.junit.platform.engine.support.hierarchical.NodeTestTask.lambda$executeRecursively$9(NodeTestTask.java:139)
  	at org.junit.platform.engine.support.hierarchical.ThrowableCollector.execute(ThrowableCollector.java:73)
  	at org.junit.platform.engine.support.hierarchical.NodeTestTask.executeRecursively(NodeTestTask.java:138)
  	at org.junit.platform.engine.support.hierarchical.NodeTestTask.execute(NodeTestTask.java:95)
  	at java.base/java.util.ArrayList.forEach(ArrayList.java:1511)
  	at org.junit.platform.engine.support.hierarchical.SameThreadHierarchicalTestExecutorService.invokeAll(SameThreadHierarchicalTestExecutorService.java:41)
  	at org.junit.platform.engine.support.hierarchical.NodeTestTask.lambda$executeRecursively$6(NodeTestTask.java:155)
  	at org.junit.platform.engine.support.hierarchical.ThrowableCollector.execute(ThrowableCollector.java:73)
  	at org.junit.platform.engine.support.hierarchical.NodeTestTask.lambda$executeRecursively$8(NodeTestTask.java:141)
  	at org.junit.platform.engine.support.hierarchical.Node.around(Node.java:137)
  	at org.junit.platform.engine.support.hierarchical.NodeTestTask.lambda$executeRecursively$9(NodeTestTask.java:139)
  	at org.junit.platform.engine.support.hierarchical.ThrowableCollector.execute(ThrowableCollector.java:73)
  	at org.junit.platform.engine.support.hierarchical.NodeTestTask.executeRecursively(NodeTestTask.java:138)
  	at org.junit.platform.engine.support.hierarchical.NodeTestTask.execute(NodeTestTask.java:95)
  	at org.junit.platform.engine.support.hierarchical.SameThreadHierarchicalTestExecutorService.submit(SameThreadHierarchicalTestExecutorService.java:35)
  	at org.junit.platform.engine.support.hierarchical.HierarchicalTestExecutor.execute(HierarchicalTestExecutor.java:57)
  	at org.junit.platform.engine.support.hierarchical.HierarchicalTestEngine.execute(HierarchicalTestEngine.java:54)
  	at org.junit.platform.launcher.core.DefaultLauncher.execute(DefaultLauncher.java:220)
  	at org.junit.platform.launcher.core.DefaultLauncher.lambda$execute$6(DefaultLauncher.java:188)
  	at org.junit.platform.launcher.core.DefaultLauncher.withInterceptedStreams(DefaultLauncher.java:202)
  	at org.junit.platform.launcher.core.DefaultLauncher.execute(DefaultLauncher.java:181)
  	at org.junit.platform.launcher.core.DefaultLauncher.execute(DefaultLauncher.java:128)
  	at org.apache.maven.surefire.junitplatform.JUnitPlatformProvider.invokeAllTests(JUnitPlatformProvider.java:150)
  	at org.apache.maven.surefire.junitplatform.JUnitPlatformProvider.invoke(JUnitPlatformProvider.java:124)
  	at org.apache.maven.surefire.booter.ForkedBooter.invokeProviderInSameClassLoader(ForkedBooter.java:384)
  	at org.apache.maven.surefire.booter.ForkedBooter.runSuitesInProcess(ForkedBooter.java:345)
  	at org.apache.maven.surefire.booter.ForkedBooter.execute(ForkedBooter.java:126)
  	at org.apache.maven.surefire.booter.ForkedBooter.main(ForkedBooter.java:418)
  Caused by: org.springframework.beans.factory.BeanDefinitionStoreException: Failed to parse configuration class [com.collaboportal.shoho.ShohoApplication]
  	at org.springframework.context.annotation.ConfigurationClassParser.parse(ConfigurationClassParser.java:178)
  	at org.springframework.context.annotation.ConfigurationClassPostProcessor.processConfigBeanDefinitions(ConfigurationClassPostProcessor.java:398)
  	at org.springframework.context.annotation.ConfigurationClassPostProcessor.postProcessBeanDefinitionRegistry(ConfigurationClassPostProcessor.java:283)
  	at org.springframework.context.support.PostProcessorRegistrationDelegate.invokeBeanDefinitionRegistryPostProcessors(PostProcessorRegistrationDelegate.java:344)
  	at org.springframework.context.support.PostProcessorRegistrationDelegate.invokeBeanFactoryPostProcessors(PostProcessorRegistrationDelegate.java:115)
  	at org.springframework.context.support.AbstractApplicationContext.invokeBeanFactoryPostProcessors(AbstractApplicationContext.java:745)
  	at org.springframework.context.support.AbstractApplicationContext.refresh(AbstractApplicationContext.java:565)
  	at org.springframework.boot.SpringApplication.refresh(SpringApplication.java:730)
  	at org.springframework.boot.SpringApplication.refreshContext(SpringApplication.java:432)
  	at org.springframework.boot.SpringApplication.run(SpringApplication.java:308)
  	at org.springframework.boot.test.context.SpringBootContextLoader.lambda$loadContext$3(SpringBootContextLoader.java:137)
  	at org.springframework.util.function.ThrowingSupplier.get(ThrowingSupplier.java:59)
  	at org.springframework.util.function.ThrowingSupplier.get(ThrowingSupplier.java:47)
  	at org.springframework.boot.SpringApplication.withHook(SpringApplication.java:1386)
  	at org.springframework.boot.test.context.SpringBootContextLoader$ContextLoaderHook.run(SpringBootContextLoader.java:543)
  	at org.springframework.boot.test.context.SpringBootContextLoader.loadContext(SpringBootContextLoader.java:137)
  	at org.springframework.boot.test.context.SpringBootContextLoader.loadContext(SpringBootContextLoader.java:108)
  	at org.springframework.test.context.cache.DefaultCacheAwareContextLoaderDelegate.loadContextInternal(DefaultCacheAwareContextLoaderDelegate.java:184)
  	at org.springframework.test.context.cache.DefaultCacheAwareContextLoaderDelegate.loadContext(DefaultCacheAwareContextLoaderDelegate.java:118)
  	... 67 common frames omitted
  Caused by: org.springframework.context.annotation.ConflictingBeanDefinitionException: Annotation-specified bean name 'authenticationStrategyRegistry' for bean class [com.collaboportal.common.strategy.auth.AuthenticationStrategyRegistry] conflicts with existing, non-compatible bean definition of same name and class [com.collaboportal.common.spring.registry.AuthenticationStrategyRegistry]
  	at org.springframework.context.annotation.ClassPathBeanDefinitionScanner.checkCandidate(ClassPathBeanDefinitionScanner.java:349)
  	at org.springframework.context.annotation.ClassPathBeanDefinitionScanner.doScan(ClassPathBeanDefinitionScanner.java:287)
  	at org.springframework.context.annotation.ComponentScanAnnotationParser.parse(ComponentScanAnnotationParser.java:128)
  	at org.springframework.context.annotation.ConfigurationClassParser.doProcessConfigurationClass(ConfigurationClassParser.java:289)
  	at org.springframework.context.annotation.ConfigurationClassParser.processConfigurationClass(ConfigurationClassParser.java:243)
  	at org.springframework.context.annotation.ConfigurationClassParser.parse(ConfigurationClassParser.java:196)
  	at org.springframework.context.annotation.ConfigurationClassParser.parse(ConfigurationClassParser.java:164)
  	... 85 common frames omitted
